This is pdfTeXk, Version 3.141592-1.40.3 (Web2C 7.5.6) (format=pdflatex 2010.5.28)  2 MAY 2011 12:09
entering extended mode
 %&-line parsing enabled.
**InsightJournal.sty
(./InsightJournal.sty
LaTeX2e <2005/12/01>
Babel <v3.8h> and hyphenation patterns for english, usenglishmax, dumylang, noh
yphenation, arabic, basque, bulgarian, coptic, welsh, czech, slovak, german, ng
erman, danish, esperanto, spanish, catalan, galician, estonian, farsi, finnish,
 french, greek, monogreek, ancientgreek, croatian, hungarian, interlingua, ibyc
us, indonesian, icelandic, italian, latin, mongolian, dutch, norsk, polish, por
tuguese, pinyin, romanian, russian, slovenian, uppersorbian, serbian, swedish, 
turkish, ukenglish, ukrainian, loaded.

LaTeX Warning: You have requested package `',
               but the package provides `InsightJournal'.

Package: InsightJournal 1998/01/11 LaTeX package (Insight markup)
(/usr/share/texmf/tex/latex/tools/longtable.sty
Package: longtable 2004/02/01 v4.11 Multi-page Table package (DPC)
\LTleft=\skip41
\LTright=\skip42
\LTpre=\skip43
\LTpost=\skip44
\LTchunksize=\count79
\LTcapwidth=\dimen102
\LT@head=\box26
\LT@firsthead=\box27
\LT@foot=\box28
\LT@lastfoot=\box29
\LT@cols=\count80
\LT@rows=\count81
\c@LT@tables=\count82
\c@LT@chunks=\count83
\c@table=\count84
\LT@p@ftn=\toks14
)
(/usr/share/texmf/tex/latex/graphics/graphics.sty
Package: graphics 2006/02/20 v1.0o Standard LaTeX Graphics (DPC,SPQR)

(/usr/share/texmf/tex/latex/graphics/trig.sty
Package: trig 1999/03/16 v1.09 sin cos tan (DPC)
)
(/usr/share/texmf/tex/latex/config/graphics.cfg
File: graphics.cfg 2007/01/18 v1.5 graphics configuration of teTeX/TeXLive
)
Package graphics Info: Driver file: pdftex.def on input line 90.

(/usr/share/texmf/tex/latex/pdftex-def/pdftex.def
File: pdftex.def 2007/01/08 v0.04d Graphics/color for pdfTeX
\Gread@gobject=\count85
))

! LaTeX Error: File `picins.sty' not found.

Type X to quit or <RETURN> to proceed,
or enter new name. (Default extension: sty)

Enter file name: 
! Emergency stop.
<read *> 
         
l.12 \RequirePackage
                    {floatflt}^^M
*** (cannot \read from terminal in nonstop modes)

 
Here is how much of TeX's memory you used:
 374 strings out of 256216
 4472 string characters out of 1917072
 52535 words of memory out of 1500000
 3739 multiletter control sequences out of 10000+200000
 3640 words of font info for 14 fonts, out of 1200000 for 2000
 645 hyphenation exceptions out of 8191
 18i,0n,17p,193b,22s stack positions out of 5000i,500n,6000p,200000b,15000s
!  ==> Fatal error occurred, no output PDF file produced!
